<?xml version="1.0" encoding="UTF-8"?>
<!-- Generated by org.testng.reporters.JUnitXMLReporter -->
<testsuite ignored="0" hostname="DESKTOP-V1B5SLC" failures="1" tests="1" name="Test1" time="127.467" errors="0" timestamp="2022-03-04T09:20:02 IST">
  <testcase classname="tests.DataDrivenTest" name="accountsPage" time="68.232">
    <failure type="org.openqa.selenium.ElementClickInterceptedException" message="element click intercepted: Element &amp;lt;one-app-nav-bar-item-root one-appnavbar_appnavbar=&amp;quot;&amp;quot; data-id=&amp;quot;Account&amp;quot; data-assistive-id=&amp;quot;operationId&amp;quot; aria-hidden=&amp;quot;false&amp;quot; draggable=&amp;quot;true&amp;quot; class=&amp;quot;navItem slds-context-bar__item slds-shrink-none slds-is-active&amp;quot; role=&amp;quot;listitem&amp;quot;&amp;gt;&amp;lt;/one-app-nav-bar-item-root&amp;gt; is not clickable at point (241, 132). Other element would receive the click: &amp;lt;div class=&amp;quot;modal-glass visible&amp;quot; data-aura-rendered-by=&amp;quot;591:0;p&amp;quot;&amp;gt;...&amp;lt;/div&amp;gt;
  (Session info: chrome=98.0.4758.102)
Build info: version: &amp;apos;3.11.0&amp;apos;, revision: &amp;apos;e59cfb3&amp;apos;, time: &amp;apos;2018-03-11T20:26:55.152Z&amp;apos;
System info: host: &amp;apos;DESKTOP-V1B5SLC&amp;apos;, ip: &amp;apos;192.168.43.60&amp;apos;, os.name: &amp;apos;Windows 10&amp;apos;, os.arch: &amp;apos;amd64&amp;apos;, os.version: &amp;apos;10.0&amp;apos;, java.version: &amp;apos;17.0.1&amp;apos;
Driver info: org.openqa.selenium.chrome.ChromeDriver
Capabilities {acceptInsecureCerts: false, browserName: chrome, browserVersion: 98.0.4758.102, chrome: {chromedriverVersion: 98.0.4758.80 (7f0488e8ba0d8..., userDataDir: C:\Users\surya\AppData\Loca...}, goog:chromeOptions: {debuggerAddress: localhost:64304}, javascriptEnabled: true, networkConnectionEnabled: false, pageLoadStrategy: normal, platform: WINDOWS, platformName: WINDOWS, proxy: Proxy(), setWindowRect: true, strictFileInteractability: false, timeouts: {implicit: 0, pageLoad: 300000, script: 30000}, unhandledPromptBehavior: dismiss and notify, webauthn:extension:credBlob: true, webauthn:extension:largeBlob: true, webauthn:virtualAuthenticators: true}
Session ID: d133470d7aa5bd2acd69649ae4a7172b">
      <![CDATA[org.openqa.selenium.ElementClickInterceptedException: element click intercepted: Element <one-app-nav-bar-item-root one-appnavbar_appnavbar="" data-id="Account" data-assistive-id="operationId" aria-hidden="false" draggable="true" class="navItem slds-context-bar__item slds-shrink-none slds-is-active" role="listitem"></one-app-nav-bar-item-root> is not clickable at point (241, 132). Other element would receive the click: <div class="modal-glass visible" data-aura-rendered-by="591:0;p">...</div>
  (Session info: chrome=98.0.4758.102)
Build info: version: '3.11.0', revision: 'e59cfb3', time: '2018-03-11T20:26:55.152Z'
System info: host: 'DESKTOP-V1B5SLC', ip: '192.168.43.60', os.name: 'Windows 10', os.arch: 'amd64', os.version: '10.0', java.version: '17.0.1'
Driver info: org.openqa.selenium.chrome.ChromeDriver
Capabilities {acceptInsecureCerts: false, browserName: chrome, browserVersion: 98.0.4758.102, chrome: {chromedriverVersion: 98.0.4758.80 (7f0488e8ba0d8..., userDataDir: C:\Users\surya\AppData\Loca...}, goog:chromeOptions: {debuggerAddress: localhost:64304}, javascriptEnabled: true, networkConnectionEnabled: false, pageLoadStrategy: normal, platform: WINDOWS, platformName: WINDOWS, proxy: Proxy(), setWindowRect: true, strictFileInteractability: false, timeouts: {implicit: 0, pageLoad: 300000, script: 30000}, unhandledPromptBehavior: dismiss and notify, webauthn:extension:credBlob: true, webauthn:extension:largeBlob: true, webauthn:virtualAuthenticators: true}
Session ID: d133470d7aa5bd2acd69649ae4a7172b
at org.openqa.selenium.remote.http.W3CHttpResponseCodec.createException(W3CHttpResponseCodec.java:187)
at org.openqa.selenium.remote.http.W3CHttpResponseCodec.decode(W3CHttpResponseCodec.java:122)
at org.openqa.selenium.remote.http.W3CHttpResponseCodec.decode(W3CHttpResponseCodec.java:49)
at org.openqa.selenium.remote.HttpCommandExecutor.execute(HttpCommandExecutor.java:158)
at org.openqa.selenium.remote.service.DriverCommandExecutor.execute(DriverCommandExecutor.java:83)
at org.openqa.selenium.remote.RemoteWebDriver.execute(RemoteWebDriver.java:545)
at org.openqa.selenium.remote.RemoteWebElement.execute(RemoteWebElement.java:279)
at org.openqa.selenium.remote.RemoteWebElement.click(RemoteWebElement.java:83)
at tests.DataDrivenTest.accountsPage(DataDrivenTest.java:86)
at java.base/java.util.ArrayList.forEach(ArrayList.java:1511)
... Removed 32 stack frames]]>
    </failure>
  </testcase> <!-- accountsPage -->
</testsuite> <!-- Test1 -->
